Build started 2015/5/1 10:34:23.
     1>Project "C:\Users\GreenHat\Desktop\oit-master\cmake\oit\OIT.vcxproj" on node 2 (Rebuild target(s)).
     1>CustomBuild:
         Building Custom Rule C:/Users/GreenHat/Desktop/oit-master/oit/CMakeLists.txt
         CMake does not need to re-run because C:\Users\GreenHat\Desktop\oit-master\cmake\oit\CMakeFiles\generate.stamp is up-to-date.
       ClCompile:
         C:\Program Files (x86)\Microsoft Visual Studio 12.0\VC\bin\x86_amd64\CL.exe /c /I"C:\Users\GreenHat\Desktop\oit-master\ingredients" /I"C:\Program Files (x86)\glm" /I"C:\Program Files (x86)\glfw\include" /Zi /nologo /W3 /WX- /Od /Ob0 /D WIN32 /D _WINDOWS /D _DEBUG /D "CMAKE_INTDIR=\"Debug\"" /D _MBCS /Gm- /EHsc /RTC1 /MDd /GS /fp:precise /Zc:wchar_t /Zc:forScope /GR /Fo"OIT.dir\Debug\\" /Fd"OIT.dir\Debug\vc120.pdb" /Gd /TP /errorReport:prompt "C:\Users\GreenHat\Desktop\oit-master\oit\main.cpp" "C:\Users\GreenHat\Desktop\oit-master\oit\sceneoit.cpp"
         main.cpp
     1>C:\Users\GreenHat\Desktop\oit-master\oit\main.cpp(55): warning C4244: 'argument' : conversion from 'double' to 'float', possible loss of data
     1>C:\Users\GreenHat\Desktop\oit-master\oit\main.cpp(61): warning C4244: '=' : conversion from 'double' to 'float', possible loss of data
         sceneoit.cpp
     1>C:\Users\GreenHat\Desktop\oit-master\oit\sceneoit.cpp(22): warning C4305: 'initializing' : truncation from 'double' to 'float'
     1>C:\Users\GreenHat\Desktop\oit-master\oit\sceneoit.cpp(35): warning C4305: '=' : truncation from 'double' to 'float'
         Generating Code...
       Link:
         C:\Program Files (x86)\Microsoft Visual Studio 12.0\VC\bin\x86_amd64\link.exe /ERRORREPORT:PROMPT /OUT:"C:\Users\GreenHat\Desktop\oit-master\cmake\oit\Debug\OIT.exe" /INCREMENTAL /NOLOGO kernel32.lib user32.lib gdi32.lib winspool.lib shell32.lib ole32.lib oleaut32.lib uuid.lib comdlg32.lib advapi32.lib ..\ingredients\Debug\ingredients.lib "C:\Program Files (x86)\glfw\lib-vc2013\glfw3.lib" opengl32.lib /MANIFEST /MANIFESTUAC:"level='asInvoker' uiAccess='false'" /manifest:embed /DEBUG /PDB:"C:/Users/GreenHat/Desktop/oit-master/cmake/oit/Debug/OIT.pdb" /SUBSYSTEM:CONSOLE /TLBID:1 /DYNAMICBASE /NXCOMPAT /IMPLIB:"C:/Users/GreenHat/Desktop/oit-master/cmake/oit/Debug/OIT.lib" /MACHINE:X64  /machine:x64 /debug OIT.dir\Debug\main.obj
         OIT.dir\Debug\sceneoit.obj
     1>LINK : warning LNK4098: defaultlib 'MSVCRT' conflicts with use of other libs; use /NODEFAULTLIB:library
         OIT.vcxproj -> C:\Users\GreenHat\Desktop\oit-master\cmake\oit\Debug\OIT.exe
     1>Done Building Project "C:\Users\GreenHat\Desktop\oit-master\cmake\oit\OIT.vcxproj" (Rebuild target(s)).

Build succeeded.

Time Elapsed 00:00:06.20
